Terminals unused in grammar

    tMot
    tSpace
    tBackN
    tBackT
    tEsper
    tReturn
    ERROR


State 41 conflicts: 1 shift/reduce
State 43 conflicts: 1 shift/reduce
State 45 conflicts: 1 shift/reduce


Grammar

    0 $accept: File $end

    1 $@1: %empty

    2 File: $@1 Fonctions

    3 Fonctions: BodyComments Fonctions
    4          | Fonction Fonctions
    5          | Fonction

    6 Fonction: FonctionMain
    7         | Type tVariable tPO Params tPF Body

    8 FonctionMain: Type tMAIN tPO Params tPF Body

    9 Params: %empty
   10       | Param SuiteParams

   11 Param: Type tVariable

   12 SuiteParams: %empty
   13            | tVirg Param SuiteParams

   14 $@2: %empty

   15 $@3: %empty

   16 $@4: %empty

   17 Body: $@2 tAO Declarations $@3 Instructions $@4 tAF

   18 BodyComments: tOpenC Comments tCloseC

   19 Comments: %empty
   20         | Comment Comments

   21 Comment: tVariable

   22 Declarations: %empty
   23             | Declaration Declarations
   24             | BodyComments Declarations

   25 $@5: %empty

   26 Declaration: Type tVariable tPointVirg $@5

   27 $@6: %empty

   28 Declaration: Type tVariable $@6 SuiteVariables tPointVirg

   29 SuiteVariables: tVirg tVariable

   30 $@7: %empty

   31 SuiteVariables: tVirg tVariable $@7 SuiteVariables

   32 Instructions: %empty
   33             | Instruction Instructions
   34             | BodyComments Instructions

   35 Instruction: Affectation
   36            | IfInstruction
   37            | WhileInstruction
   38            | Print

   39 $@8: %empty

   40 $@9: %empty

   41 WhileInstruction: tWhile $@8 tPO Comparaison tPF $@9 Body

   42 Print: tPrintf tPO tVariable tPF tPointVirg

   43 IfInstruction: IfPattern

   44 $@10: %empty

   45 IfInstruction: IfPattern tElse $@10 Body

   46 $@11: %empty

   47 IfPattern: tIf tPO Comparaison tPF $@11 Body

   48 Comparaison: Expression tEQUALCOMPARISON Expression
   49            | Expression tDIFFERENT Expression
   50            | Expression tGREATER_THAN Expression
   51            | Expression tLESS_THAN_OR_EQUAL_TO Expression
   52            | Expression tLESS_THAN Expression
   53            | Expression tGREATER_THAN_OR_EQUAL_TO Expression
   54            | Expression

   55 $@12: %empty

   56 Affectation: tVariable tEqu Expression $@12 SuiteAffectations tPointVirg
   57            | tVariable tEqu Expression tPointVirg

   58 SuiteAffectations: tVirg tVariable tEqu Expression

   59 $@13: %empty

   60 SuiteAffectations: tVirg tVariable tEqu Expression $@13 SuiteAffectations

   61 $@14: %empty

   62 Expression: tPO $@14 Expression tPF
   63           | Expression tPlus Expression
   64           | Expression tMinus Expression
   65           | Expression tMul Expression
   66           | Expression tDiv Expression
   67           | tMinus Expression

   68 $@15: %empty

   69 Expression: tVariable $@15

   70 $@16: %empty

   71 Expression: Value $@16

   72 $@17: %empty

   73 Value: tNumber $@17

   74 $@18: %empty

   75 Value: tExpo $@18

   76 $@19: %empty

   77 Value: tDecimal $@19

   78 Type: CoreType
   79     | tConst CoreType

   80 CoreType: tInt PointerStars

   81 PointerStars: %empty
   82             | tMul PointerStars


Terminals, with rules where they appear

    $end (0) 0
    error (256)
    tMAIN (258) 8
    tInt (259) 80
    tConst (260) 79
    tPlus (261) 63
    tMinus (262) 64 67
    tMul (263) 65 82
    tDiv (264) 66
    tEqu (265) 56 57 58 60
    tPO (266) 7 8 41 42 47 62
    tPF (267) 7 8 41 42 47 62
    tAO (268) 17
    tAF (269) 17
    tOpenC (270) 18
    tCloseC (271) 18
    tMot (272)
    tSpace (273)
    tBackN (274)
    tBackT (275)
    tVirg (276) 13 29 31 58 60
    tPointVirg (277) 26 28 42 56 57
    tEsper (278)
    tPrintf (279) 42
    tIf <nb> (280) 47
    tElse (281) 45
    tWhile <duo> (282) 41
    tReturn (283)
    tLESS_THAN_OR_EQUAL_TO (284) 51
    tLESS_THAN (285) 52
    tGREATER_THAN_OR_EQUAL_TO (286) 53
    tGREATER_THAN (287) 50
    tDIFFERENT (288) 49
    tEQUALCOMPARISON (289) 48
    tNumber <nb> (290) 73
    tDecimal <nb> (291) 77
    tExpo <nb> (292) 75
    tVariable <var> (293) 7 11 21 26 28 29 31 42 56 57 58 60 69
    ERROR (294)


Nonterminals, with rules where they appear

    $accept (40)
        on left: 0
    File (41)
        on left: 2
        on right: 0
    $@1 (42)
        on left: 1
        on right: 2
    Fonctions (43)
        on left: 3 4 5
        on right: 2 3 4
    Fonction (44)
        on left: 6 7
        on right: 4 5
    FonctionMain (45)
        on left: 8
        on right: 6
    Params (46)
        on left: 9 10
        on right: 7 8
    Param (47)
        on left: 11
        on right: 10 13
    SuiteParams (48)
        on left: 12 13
        on right: 10 13
    Body (49)
        on left: 17
        on right: 7 8 41 45 47
    $@2 (50)
        on left: 14
        on right: 17
    $@3 (51)
        on left: 15
        on right: 17
    $@4 (52)
        on left: 16
        on right: 17
    BodyComments (53)
        on left: 18
        on right: 3 24 34
    Comments (54)
        on left: 19 20
        on right: 18 20
    Comment (55)
        on left: 21
        on right: 20
    Declarations (56)
        on left: 22 23 24
        on right: 17 23 24
    Declaration (57)
        on left: 26 28
        on right: 23
    $@5 (58)
        on left: 25
        on right: 26
    $@6 (59)
        on left: 27
        on right: 28
    SuiteVariables (60)
        on left: 29 31
        on right: 28 31
    $@7 (61)
        on left: 30
        on right: 31
    Instructions (62)
        on left: 32 33 34
        on right: 17 33 34
    Instruction (63)
        on left: 35 36 37 38
        on right: 33
    WhileInstruction (64)
        on left: 41
        on right: 37
    $@8 (65)
        on left: 39
        on right: 41
    $@9 (66)
        on left: 40
        on right: 41
    Print (67)
        on left: 42
        on right: 38
    IfInstruction (68)
        on left: 43 45
        on right: 36
    $@10 (69)
        on left: 44
        on right: 45
    IfPattern <nb> (70)
        on left: 47
        on right: 43 45
    $@11 (71)
        on left: 46
        on right: 47
    Comparaison (72)
        on left: 48 49 50 51 52 53 54
        on right: 41 47
    Affectation (73)
        on left: 56 57
        on right: 35
    $@12 (74)
        on left: 55
        on right: 56
    SuiteAffectations (75)
        on left: 58 60
        on right: 56 60
    $@13 (76)
        on left: 59
        on right: 60
    Expression (77)
        on left: 62 63 64 65 66 67 69 71
        on right: 48 49 50 51 52 53 54 56 57 58 60 62 63 64 65 66 67
    $@14 (78)
        on left: 61
        on right: 62
    $@15 (79)
        on left: 68
        on right: 69
    $@16 (80)
        on left: 70
        on right: 71
    Value <nb> (81)
        on left: 73 75 77
        on right: 71
    $@17 (82)
        on left: 72
        on right: 73
    $@18 (83)
        on left: 74
        on right: 75
    $@19 (84)
        on left: 76
        on right: 77
    Type <typeInfos> (85)
        on left: 78 79
        on right: 7 8 11 26 28
    CoreType <typeInfos> (86)
        on left: 80
        on right: 78 79
    PointerStars <nb> (87)
        on left: 81 82
        on right: 80 82


State 0

    0 $accept: . File $end

    $default  reduce using rule 1 ($@1)

    File  go to state 1
    $@1   go to state 2


State 1

    0 $accept: File . $end

    $end  shift, and go to state 3


State 2

    2 File: $@1 . Fonctions

    tInt    shift, and go to state 4
    tConst  shift, and go to state 5
    tOpenC  shift, and go to state 6

    Fonctions     go to state 7
    Fonction      go to state 8
    FonctionMain  go to state 9
    BodyComments  go to state 10
    Type          go to state 11
    CoreType      go to state 12


State 3

    0 $accept: File $end .

    $default  accept


State 4

   80 CoreType: tInt . PointerStars

    tMul  shift, and go to state 13

    $default  reduce using rule 81 (PointerStars)

    PointerStars  go to state 14


State 5

   79 Type: tConst . CoreType

    tInt  shift, and go to state 4

    CoreType  go to state 15


State 6

   18 BodyComments: tOpenC . Comments tCloseC

    tVariable  shift, and go to state 16

    $default  reduce using rule 19 (Comments)

    Comments  go to state 17
    Comment   go to state 18


State 7

    2 File: $@1 Fonctions .

    $default  reduce using rule 2 (File)


State 8

    4 Fonctions: Fonction . Fonctions
    5          | Fonction .

    tInt    shift, and go to state 4
    tConst  shift, and go to state 5
    tOpenC  shift, and go to state 6

    $default  reduce using rule 5 (Fonctions)

    Fonctions     go to state 19
    Fonction      go to state 8
    FonctionMain  go to state 9
    BodyComments  go to state 10
    Type          go to state 11
    CoreType      go to state 12


State 9

    6 Fonction: FonctionMain .

    $default  reduce using rule 6 (Fonction)


State 10

    3 Fonctions: BodyComments . Fonctions

    tInt    shift, and go to state 4
    tConst  shift, and go to state 5
    tOpenC  shift, and go to state 6

    Fonctions     go to state 20
    Fonction      go to state 8
    FonctionMain  go to state 9
    BodyComments  go to state 10
    Type          go to state 11
    CoreType      go to state 12


State 11

    7 Fonction: Type . tVariable tPO Params tPF Body
    8 FonctionMain: Type . tMAIN tPO Params tPF Body

    tMAIN      shift, and go to state 21
    tVariable  shift, and go to state 22


State 12

   78 Type: CoreType .

    $default  reduce using rule 78 (Type)


State 13

   82 PointerStars: tMul . PointerStars

    tMul  shift, and go to state 13

    $default  reduce using rule 81 (PointerStars)

    PointerStars  go to state 23


State 14

   80 CoreType: tInt PointerStars .

    $default  reduce using rule 80 (CoreType)


State 15

   79 Type: tConst CoreType .

    $default  reduce using rule 79 (Type)


State 16

   21 Comment: tVariable .

    $default  reduce using rule 21 (Comment)


State 17

   18 BodyComments: tOpenC Comments . tCloseC

    tCloseC  shift, and go to state 24


State 18

   20 Comments: Comment . Comments

    tVariable  shift, and go to state 16

    $default  reduce using rule 19 (Comments)

    Comments  go to state 25
    Comment   go to state 18


State 19

    4 Fonctions: Fonction Fonctions .

    $default  reduce using rule 4 (Fonctions)


State 20

    3 Fonctions: BodyComments Fonctions .

    $default  reduce using rule 3 (Fonctions)


State 21

    8 FonctionMain: Type tMAIN . tPO Params tPF Body

    tPO  shift, and go to state 26


State 22

    7 Fonction: Type tVariable . tPO Params tPF Body

    tPO  shift, and go to state 27


State 23

   82 PointerStars: tMul PointerStars .

    $default  reduce using rule 82 (PointerStars)


State 24

   18 BodyComments: tOpenC Comments tCloseC .

    $default  reduce using rule 18 (BodyComments)


State 25

   20 Comments: Comment Comments .

    $default  reduce using rule 20 (Comments)


State 26

    8 FonctionMain: Type tMAIN tPO . Params tPF Body

    tInt    shift, and go to state 4
    tConst  shift, and go to state 5

    $default  reduce using rule 9 (Params)

    Params    go to state 28
    Param     go to state 29
    Type      go to state 30
    CoreType  go to state 12


State 27

    7 Fonction: Type tVariable tPO . Params tPF Body

    tInt    shift, and go to state 4
    tConst  shift, and go to state 5

    $default  reduce using rule 9 (Params)

    Params    go to state 31
    Param     go to state 29
    Type      go to state 30
    CoreType  go to state 12


State 28

    8 FonctionMain: Type tMAIN tPO Params . tPF Body

    tPF  shift, and go to state 32


State 29

   10 Params: Param . SuiteParams

    tVirg  shift, and go to state 33

    $default  reduce using rule 12 (SuiteParams)

    SuiteParams  go to state 34


State 30

   11 Param: Type . tVariable

    tVariable  shift, and go to state 35


State 31

    7 Fonction: Type tVariable tPO Params . tPF Body

    tPF  shift, and go to state 36


State 32

    8 FonctionMain: Type tMAIN tPO Params tPF . Body

    $default  reduce using rule 14 ($@2)

    Body  go to state 37
    $@2   go to state 38


State 33

   13 SuiteParams: tVirg . Param SuiteParams

    tInt    shift, and go to state 4
    tConst  shift, and go to state 5

    Param     go to state 39
    Type      go to state 30
    CoreType  go to state 12


State 34

   10 Params: Param SuiteParams .

    $default  reduce using rule 10 (Params)


State 35

   11 Param: Type tVariable .

    $default  reduce using rule 11 (Param)


State 36

    7 Fonction: Type tVariable tPO Params tPF . Body

    $default  reduce using rule 14 ($@2)

    Body  go to state 40
    $@2   go to state 38


State 37

    8 FonctionMain: Type tMAIN tPO Params tPF Body .

    $default  reduce using rule 8 (FonctionMain)


State 38

   17 Body: $@2 . tAO Declarations $@3 Instructions $@4 tAF

    tAO  shift, and go to state 41


State 39

   13 SuiteParams: tVirg Param . SuiteParams

    tVirg  shift, and go to state 33

    $default  reduce using rule 12 (SuiteParams)

    SuiteParams  go to state 42


State 40

    7 Fonction: Type tVariable tPO Params tPF Body .

    $default  reduce using rule 7 (Fonction)


State 41

   17 Body: $@2 tAO . Declarations $@3 Instructions $@4 tAF

    tInt    shift, and go to state 4
    tConst  shift, and go to state 5
    tOpenC  shift, and go to state 6

    tOpenC    [reduce using rule 22 (Declarations)]
    $default  reduce using rule 22 (Declarations)

    BodyComments  go to state 43
    Declarations  go to state 44
    Declaration   go to state 45
    Type          go to state 46
    CoreType      go to state 12


State 42

   13 SuiteParams: tVirg Param SuiteParams .

    $default  reduce using rule 13 (SuiteParams)


State 43

   24 Declarations: BodyComments . Declarations

    tInt    shift, and go to state 4
    tConst  shift, and go to state 5
    tOpenC  shift, and go to state 6

    tOpenC    [reduce using rule 22 (Declarations)]
    $default  reduce using rule 22 (Declarations)

    BodyComments  go to state 43
    Declarations  go to state 47
    Declaration   go to state 45
    Type          go to state 46
    CoreType      go to state 12


State 44

   17 Body: $@2 tAO Declarations . $@3 Instructions $@4 tAF

    $default  reduce using rule 15 ($@3)

    $@3  go to state 48


State 45

   23 Declarations: Declaration . Declarations

    tInt    shift, and go to state 4
    tConst  shift, and go to state 5
    tOpenC  shift, and go to state 6

    tOpenC    [reduce using rule 22 (Declarations)]
    $default  reduce using rule 22 (Declarations)

    BodyComments  go to state 43
    Declarations  go to state 49
    Declaration   go to state 45
    Type          go to state 46
    CoreType      go to state 12


State 46

   26 Declaration: Type . tVariable tPointVirg $@5
   28            | Type . tVariable $@6 SuiteVariables tPointVirg

    tVariable  shift, and go to state 50


State 47

   24 Declarations: BodyComments Declarations .

    $default  reduce using rule 24 (Declarations)


State 48

   17 Body: $@2 tAO Declarations $@3 . Instructions $@4 tAF

    tOpenC     shift, and go to state 6
    tPrintf    shift, and go to state 51
    tIf        shift, and go to state 52
    tWhile     shift, and go to state 53
    tVariable  shift, and go to state 54

    $default  reduce using rule 32 (Instructions)

    BodyComments      go to state 55
    Instructions      go to state 56
    Instruction       go to state 57
    WhileInstruction  go to state 58
    Print             go to state 59
    IfInstruction     go to state 60
    IfPattern         go to state 61
    Affectation       go to state 62


State 49

   23 Declarations: Declaration Declarations .

    $default  reduce using rule 23 (Declarations)


State 50

   26 Declaration: Type tVariable . tPointVirg $@5
   28            | Type tVariable . $@6 SuiteVariables tPointVirg

    tPointVirg  shift, and go to state 63

    $default  reduce using rule 27 ($@6)

    $@6  go to state 64


State 51

   42 Print: tPrintf . tPO tVariable tPF tPointVirg

    tPO  shift, and go to state 65


State 52

   47 IfPattern: tIf . tPO Comparaison tPF $@11 Body

    tPO  shift, and go to state 66


State 53

   41 WhileInstruction: tWhile . $@8 tPO Comparaison tPF $@9 Body

    $default  reduce using rule 39 ($@8)

    $@8  go to state 67


State 54

   56 Affectation: tVariable . tEqu Expression $@12 SuiteAffectations tPointVirg
   57            | tVariable . tEqu Expression tPointVirg

    tEqu  shift, and go to state 68


State 55

   34 Instructions: BodyComments . Instructions

    tOpenC     shift, and go to state 6
    tPrintf    shift, and go to state 51
    tIf        shift, and go to state 52
    tWhile     shift, and go to state 53
    tVariable  shift, and go to state 54

    $default  reduce using rule 32 (Instructions)

    BodyComments      go to state 55
    Instructions      go to state 69
    Instruction       go to state 57
    WhileInstruction  go to state 58
    Print             go to state 59
    IfInstruction     go to state 60
    IfPattern         go to state 61
    Affectation       go to state 62


State 56

   17 Body: $@2 tAO Declarations $@3 Instructions . $@4 tAF

    $default  reduce using rule 16 ($@4)

    $@4  go to state 70


State 57

   33 Instructions: Instruction . Instructions

    tOpenC     shift, and go to state 6
    tPrintf    shift, and go to state 51
    tIf        shift, and go to state 52
    tWhile     shift, and go to state 53
    tVariable  shift, and go to state 54

    $default  reduce using rule 32 (Instructions)

    BodyComments      go to state 55
    Instructions      go to state 71
    Instruction       go to state 57
    WhileInstruction  go to state 58
    Print             go to state 59
    IfInstruction     go to state 60
    IfPattern         go to state 61
    Affectation       go to state 62


State 58

   37 Instruction: WhileInstruction .

    $default  reduce using rule 37 (Instruction)


State 59

   38 Instruction: Print .

    $default  reduce using rule 38 (Instruction)


State 60

   36 Instruction: IfInstruction .

    $default  reduce using rule 36 (Instruction)


State 61

   43 IfInstruction: IfPattern .
   45              | IfPattern . tElse $@10 Body

    tElse  shift, and go to state 72

    $default  reduce using rule 43 (IfInstruction)


State 62

   35 Instruction: Affectation .

    $default  reduce using rule 35 (Instruction)


State 63

   26 Declaration: Type tVariable tPointVirg . $@5

    $default  reduce using rule 25 ($@5)

    $@5  go to state 73


State 64

   28 Declaration: Type tVariable $@6 . SuiteVariables tPointVirg

    tVirg  shift, and go to state 74

    SuiteVariables  go to state 75


State 65

   42 Print: tPrintf tPO . tVariable tPF tPointVirg

    tVariable  shift, and go to state 76


State 66

   47 IfPattern: tIf tPO . Comparaison tPF $@11 Body

    tMinus     shift, and go to state 77
    tPO        shift, and go to state 78
    tNumber    shift, and go to state 79
    tDecimal   shift, and go to state 80
    tExpo      shift, and go to state 81
    tVariable  shift, and go to state 82

    Comparaison  go to state 83
    Expression   go to state 84
    Value        go to state 85


State 67

   41 WhileInstruction: tWhile $@8 . tPO Comparaison tPF $@9 Body

    tPO  shift, and go to state 86


State 68

   56 Affectation: tVariable tEqu . Expression $@12 SuiteAffectations tPointVirg
   57            | tVariable tEqu . Expression tPointVirg

    tMinus     shift, and go to state 77
    tPO        shift, and go to state 78
    tNumber    shift, and go to state 79
    tDecimal   shift, and go to state 80
    tExpo      shift, and go to state 81
    tVariable  shift, and go to state 82

    Expression  go to state 87
    Value       go to state 85


State 69

   34 Instructions: BodyComments Instructions .

    $default  reduce using rule 34 (Instructions)


State 70

   17 Body: $@2 tAO Declarations $@3 Instructions $@4 . tAF

    tAF  shift, and go to state 88


State 71

   33 Instructions: Instruction Instructions .

    $default  reduce using rule 33 (Instructions)


State 72

   45 IfInstruction: IfPattern tElse . $@10 Body

    $default  reduce using rule 44 ($@10)

    $@10  go to state 89


State 73

   26 Declaration: Type tVariable tPointVirg $@5 .

    $default  reduce using rule 26 (Declaration)


State 74

   29 SuiteVariables: tVirg . tVariable
   31               | tVirg . tVariable $@7 SuiteVariables

    tVariable  shift, and go to state 90


State 75

   28 Declaration: Type tVariable $@6 SuiteVariables . tPointVirg

    tPointVirg  shift, and go to state 91


State 76

   42 Print: tPrintf tPO tVariable . tPF tPointVirg

    tPF  shift, and go to state 92


State 77

   67 Expression: tMinus . Expression

    tMinus     shift, and go to state 77
    tPO        shift, and go to state 78
    tNumber    shift, and go to state 79
    tDecimal   shift, and go to state 80
    tExpo      shift, and go to state 81
    tVariable  shift, and go to state 82

    Expression  go to state 93
    Value       go to state 85


State 78

   62 Expression: tPO . $@14 Expression tPF

    $default  reduce using rule 61 ($@14)

    $@14  go to state 94


State 79

   73 Value: tNumber . $@17

    $default  reduce using rule 72 ($@17)

    $@17  go to state 95


State 80

   77 Value: tDecimal . $@19

    $default  reduce using rule 76 ($@19)

    $@19  go to state 96


State 81

   75 Value: tExpo . $@18

    $default  reduce using rule 74 ($@18)

    $@18  go to state 97


State 82

   69 Expression: tVariable . $@15

    $default  reduce using rule 68 ($@15)

    $@15  go to state 98


State 83

   47 IfPattern: tIf tPO Comparaison . tPF $@11 Body

    tPF  shift, and go to state 99


State 84

   48 Comparaison: Expression . tEQUALCOMPARISON Expression
   49            | Expression . tDIFFERENT Expression
   50            | Expression . tGREATER_THAN Expression
   51            | Expression . tLESS_THAN_OR_EQUAL_TO Expression
   52            | Expression . tLESS_THAN Expression
   53            | Expression . tGREATER_THAN_OR_EQUAL_TO Expression
   54            | Expression .
   63 Expression: Expression . tPlus Expression
   64           | Expression . tMinus Expression
   65           | Expression . tMul Expression
   66           | Expression . tDiv Expression

    tPlus                      shift, and go to state 100
    tMinus                     shift, and go to state 101
    tMul                       shift, and go to state 102
    tDiv                       shift, and go to state 103
    tLESS_THAN_OR_EQUAL_TO     shift, and go to state 104
    tLESS_THAN                 shift, and go to state 105
    tGREATER_THAN_OR_EQUAL_TO  shift, and go to state 106
    tGREATER_THAN              shift, and go to state 107
    tDIFFERENT                 shift, and go to state 108
    tEQUALCOMPARISON           shift, and go to state 109

    $default  reduce using rule 54 (Comparaison)


State 85

   71 Expression: Value . $@16

    $default  reduce using rule 70 ($@16)

    $@16  go to state 110


State 86

   41 WhileInstruction: tWhile $@8 tPO . Comparaison tPF $@9 Body

    tMinus     shift, and go to state 77
    tPO        shift, and go to state 78
    tNumber    shift, and go to state 79
    tDecimal   shift, and go to state 80
    tExpo      shift, and go to state 81
    tVariable  shift, and go to state 82

    Comparaison  go to state 111
    Expression   go to state 84
    Value        go to state 85


State 87

   56 Affectation: tVariable tEqu Expression . $@12 SuiteAffectations tPointVirg
   57            | tVariable tEqu Expression . tPointVirg
   63 Expression: Expression . tPlus Expression
   64           | Expression . tMinus Expression
   65           | Expression . tMul Expression
   66           | Expression . tDiv Expression

    tPlus       shift, and go to state 100
    tMinus      shift, and go to state 101
    tMul        shift, and go to state 102
    tDiv        shift, and go to state 103
    tPointVirg  shift, and go to state 112

    $default  reduce using rule 55 ($@12)

    $@12  go to state 113


State 88

   17 Body: $@2 tAO Declarations $@3 Instructions $@4 tAF .

    $default  reduce using rule 17 (Body)


State 89

   45 IfInstruction: IfPattern tElse $@10 . Body

    $default  reduce using rule 14 ($@2)

    Body  go to state 114
    $@2   go to state 38


State 90

   29 SuiteVariables: tVirg tVariable .
   31               | tVirg tVariable . $@7 SuiteVariables

    tVirg     reduce using rule 30 ($@7)
    $default  reduce using rule 29 (SuiteVariables)

    $@7  go to state 115


State 91

   28 Declaration: Type tVariable $@6 SuiteVariables tPointVirg .

    $default  reduce using rule 28 (Declaration)


State 92

   42 Print: tPrintf tPO tVariable tPF . tPointVirg

    tPointVirg  shift, and go to state 116


State 93

   63 Expression: Expression . tPlus Expression
   64           | Expression . tMinus Expression
   65           | Expression . tMul Expression
   66           | Expression . tDiv Expression
   67           | tMinus Expression .

    tMul  shift, and go to state 102
    tDiv  shift, and go to state 103

    $default  reduce using rule 67 (Expression)


State 94

   62 Expression: tPO $@14 . Expression tPF

    tMinus     shift, and go to state 77
    tPO        shift, and go to state 78
    tNumber    shift, and go to state 79
    tDecimal   shift, and go to state 80
    tExpo      shift, and go to state 81
    tVariable  shift, and go to state 82

    Expression  go to state 117
    Value       go to state 85


State 95

   73 Value: tNumber $@17 .

    $default  reduce using rule 73 (Value)


State 96

   77 Value: tDecimal $@19 .

    $default  reduce using rule 77 (Value)


State 97

   75 Value: tExpo $@18 .

    $default  reduce using rule 75 (Value)


State 98

   69 Expression: tVariable $@15 .

    $default  reduce using rule 69 (Expression)


State 99

   47 IfPattern: tIf tPO Comparaison tPF . $@11 Body

    $default  reduce using rule 46 ($@11)

    $@11  go to state 118


State 100

   63 Expression: Expression tPlus . Expression

    tMinus     shift, and go to state 77
    tPO        shift, and go to state 78
    tNumber    shift, and go to state 79
    tDecimal   shift, and go to state 80
    tExpo      shift, and go to state 81
    tVariable  shift, and go to state 82

    Expression  go to state 119
    Value       go to state 85


State 101

   64 Expression: Expression tMinus . Expression

    tMinus     shift, and go to state 77
    tPO        shift, and go to state 78
    tNumber    shift, and go to state 79
    tDecimal   shift, and go to state 80
    tExpo      shift, and go to state 81
    tVariable  shift, and go to state 82

    Expression  go to state 120
    Value       go to state 85


State 102

   65 Expression: Expression tMul . Expression

    tMinus     shift, and go to state 77
    tPO        shift, and go to state 78
    tNumber    shift, and go to state 79
    tDecimal   shift, and go to state 80
    tExpo      shift, and go to state 81
    tVariable  shift, and go to state 82

    Expression  go to state 121
    Value       go to state 85


State 103

   66 Expression: Expression tDiv . Expression

    tMinus     shift, and go to state 77
    tPO        shift, and go to state 78
    tNumber    shift, and go to state 79
    tDecimal   shift, and go to state 80
    tExpo      shift, and go to state 81
    tVariable  shift, and go to state 82

    Expression  go to state 122
    Value       go to state 85


State 104

   51 Comparaison: Expression tLESS_THAN_OR_EQUAL_TO . Expression

    tMinus     shift, and go to state 77
    tPO        shift, and go to state 78
    tNumber    shift, and go to state 79
    tDecimal   shift, and go to state 80
    tExpo      shift, and go to state 81
    tVariable  shift, and go to state 82

    Expression  go to state 123
    Value       go to state 85


State 105

   52 Comparaison: Expression tLESS_THAN . Expression

    tMinus     shift, and go to state 77
    tPO        shift, and go to state 78
    tNumber    shift, and go to state 79
    tDecimal   shift, and go to state 80
    tExpo      shift, and go to state 81
    tVariable  shift, and go to state 82

    Expression  go to state 124
    Value       go to state 85


State 106

   53 Comparaison: Expression tGREATER_THAN_OR_EQUAL_TO . Expression

    tMinus     shift, and go to state 77
    tPO        shift, and go to state 78
    tNumber    shift, and go to state 79
    tDecimal   shift, and go to state 80
    tExpo      shift, and go to state 81
    tVariable  shift, and go to state 82

    Expression  go to state 125
    Value       go to state 85


State 107

   50 Comparaison: Expression tGREATER_THAN . Expression

    tMinus     shift, and go to state 77
    tPO        shift, and go to state 78
    tNumber    shift, and go to state 79
    tDecimal   shift, and go to state 80
    tExpo      shift, and go to state 81
    tVariable  shift, and go to state 82

    Expression  go to state 126
    Value       go to state 85


State 108

   49 Comparaison: Expression tDIFFERENT . Expression

    tMinus     shift, and go to state 77
    tPO        shift, and go to state 78
    tNumber    shift, and go to state 79
    tDecimal   shift, and go to state 80
    tExpo      shift, and go to state 81
    tVariable  shift, and go to state 82

    Expression  go to state 127
    Value       go to state 85


State 109

   48 Comparaison: Expression tEQUALCOMPARISON . Expression

    tMinus     shift, and go to state 77
    tPO        shift, and go to state 78
    tNumber    shift, and go to state 79
    tDecimal   shift, and go to state 80
    tExpo      shift, and go to state 81
    tVariable  shift, and go to state 82

    Expression  go to state 128
    Value       go to state 85


State 110

   71 Expression: Value $@16 .

    $default  reduce using rule 71 (Expression)


State 111

   41 WhileInstruction: tWhile $@8 tPO Comparaison . tPF $@9 Body

    tPF  shift, and go to state 129


State 112

   57 Affectation: tVariable tEqu Expression tPointVirg .

    $default  reduce using rule 57 (Affectation)


State 113

   56 Affectation: tVariable tEqu Expression $@12 . SuiteAffectations tPointVirg

    tVirg  shift, and go to state 130

    SuiteAffectations  go to state 131


State 114

   45 IfInstruction: IfPattern tElse $@10 Body .

    $default  reduce using rule 45 (IfInstruction)


State 115

   31 SuiteVariables: tVirg tVariable $@7 . SuiteVariables

    tVirg  shift, and go to state 74

    SuiteVariables  go to state 132


State 116

   42 Print: tPrintf tPO tVariable tPF tPointVirg .

    $default  reduce using rule 42 (Print)


State 117

   62 Expression: tPO $@14 Expression . tPF
   63           | Expression . tPlus Expression
   64           | Expression . tMinus Expression
   65           | Expression . tMul Expression
   66           | Expression . tDiv Expression

    tPlus   shift, and go to state 100
    tMinus  shift, and go to state 101
    tMul    shift, and go to state 102
    tDiv    shift, and go to state 103
    tPF     shift, and go to state 133


State 118

   47 IfPattern: tIf tPO Comparaison tPF $@11 . Body

    $default  reduce using rule 14 ($@2)

    Body  go to state 134
    $@2   go to state 38


State 119

   63 Expression: Expression . tPlus Expression
   63           | Expression tPlus Expression .
   64           | Expression . tMinus Expression
   65           | Expression . tMul Expression
   66           | Expression . tDiv Expression

    tMul  shift, and go to state 102
    tDiv  shift, and go to state 103

    $default  reduce using rule 63 (Expression)


State 120

   63 Expression: Expression . tPlus Expression
   64           | Expression . tMinus Expression
   64           | Expression tMinus Expression .
   65           | Expression . tMul Expression
   66           | Expression . tDiv Expression

    tMul  shift, and go to state 102
    tDiv  shift, and go to state 103

    $default  reduce using rule 64 (Expression)


State 121

   63 Expression: Expression . tPlus Expression
   64           | Expression . tMinus Expression
   65           | Expression . tMul Expression
   65           | Expression tMul Expression .
   66           | Expression . tDiv Expression

    $default  reduce using rule 65 (Expression)


State 122

   63 Expression: Expression . tPlus Expression
   64           | Expression . tMinus Expression
   65           | Expression . tMul Expression
   66           | Expression . tDiv Expression
   66           | Expression tDiv Expression .

    $default  reduce using rule 66 (Expression)


State 123

   51 Comparaison: Expression tLESS_THAN_OR_EQUAL_TO Expression .
   63 Expression: Expression . tPlus Expression
   64           | Expression . tMinus Expression
   65           | Expression . tMul Expression
   66           | Expression . tDiv Expression

    tPlus   shift, and go to state 100
    tMinus  shift, and go to state 101
    tMul    shift, and go to state 102
    tDiv    shift, and go to state 103

    $default  reduce using rule 51 (Comparaison)


State 124

   52 Comparaison: Expression tLESS_THAN Expression .
   63 Expression: Expression . tPlus Expression
   64           | Expression . tMinus Expression
   65           | Expression . tMul Expression
   66           | Expression . tDiv Expression

    tPlus   shift, and go to state 100
    tMinus  shift, and go to state 101
    tMul    shift, and go to state 102
    tDiv    shift, and go to state 103

    $default  reduce using rule 52 (Comparaison)


State 125

   53 Comparaison: Expression tGREATER_THAN_OR_EQUAL_TO Expression .
   63 Expression: Expression . tPlus Expression
   64           | Expression . tMinus Expression
   65           | Expression . tMul Expression
   66           | Expression . tDiv Expression

    tPlus   shift, and go to state 100
    tMinus  shift, and go to state 101
    tMul    shift, and go to state 102
    tDiv    shift, and go to state 103

    $default  reduce using rule 53 (Comparaison)


State 126

   50 Comparaison: Expression tGREATER_THAN Expression .
   63 Expression: Expression . tPlus Expression
   64           | Expression . tMinus Expression
   65           | Expression . tMul Expression
   66           | Expression . tDiv Expression

    tPlus   shift, and go to state 100
    tMinus  shift, and go to state 101
    tMul    shift, and go to state 102
    tDiv    shift, and go to state 103

    $default  reduce using rule 50 (Comparaison)


State 127

   49 Comparaison: Expression tDIFFERENT Expression .
   63 Expression: Expression . tPlus Expression
   64           | Expression . tMinus Expression
   65           | Expression . tMul Expression
   66           | Expression . tDiv Expression

    tPlus   shift, and go to state 100
    tMinus  shift, and go to state 101
    tMul    shift, and go to state 102
    tDiv    shift, and go to state 103

    $default  reduce using rule 49 (Comparaison)


State 128

   48 Comparaison: Expression tEQUALCOMPARISON Expression .
   63 Expression: Expression . tPlus Expression
   64           | Expression . tMinus Expression
   65           | Expression . tMul Expression
   66           | Expression . tDiv Expression

    tPlus   shift, and go to state 100
    tMinus  shift, and go to state 101
    tMul    shift, and go to state 102
    tDiv    shift, and go to state 103

    $default  reduce using rule 48 (Comparaison)


State 129

   41 WhileInstruction: tWhile $@8 tPO Comparaison tPF . $@9 Body

    $default  reduce using rule 40 ($@9)

    $@9  go to state 135


State 130

   58 SuiteAffectations: tVirg . tVariable tEqu Expression
   60                  | tVirg . tVariable tEqu Expression $@13 SuiteAffectations

    tVariable  shift, and go to state 136


State 131

   56 Affectation: tVariable tEqu Expression $@12 SuiteAffectations . tPointVirg

    tPointVirg  shift, and go to state 137


State 132

   31 SuiteVariables: tVirg tVariable $@7 SuiteVariables .

    $default  reduce using rule 31 (SuiteVariables)


State 133

   62 Expression: tPO $@14 Expression tPF .

    $default  reduce using rule 62 (Expression)


State 134

   47 IfPattern: tIf tPO Comparaison tPF $@11 Body .

    $default  reduce using rule 47 (IfPattern)


State 135

   41 WhileInstruction: tWhile $@8 tPO Comparaison tPF $@9 . Body

    $default  reduce using rule 14 ($@2)

    Body  go to state 138
    $@2   go to state 38


State 136

   58 SuiteAffectations: tVirg tVariable . tEqu Expression
   60                  | tVirg tVariable . tEqu Expression $@13 SuiteAffectations

    tEqu  shift, and go to state 139


State 137

   56 Affectation: tVariable tEqu Expression $@12 SuiteAffectations tPointVirg .

    $default  reduce using rule 56 (Affectation)


State 138

   41 WhileInstruction: tWhile $@8 tPO Comparaison tPF $@9 Body .

    $default  reduce using rule 41 (WhileInstruction)


State 139

   58 SuiteAffectations: tVirg tVariable tEqu . Expression
   60                  | tVirg tVariable tEqu . Expression $@13 SuiteAffectations

    tMinus     shift, and go to state 77
    tPO        shift, and go to state 78
    tNumber    shift, and go to state 79
    tDecimal   shift, and go to state 80
    tExpo      shift, and go to state 81
    tVariable  shift, and go to state 82

    Expression  go to state 140
    Value       go to state 85


State 140

   58 SuiteAffectations: tVirg tVariable tEqu Expression .
   60                  | tVirg tVariable tEqu Expression . $@13 SuiteAffectations
   63 Expression: Expression . tPlus Expression
   64           | Expression . tMinus Expression
   65           | Expression . tMul Expression
   66           | Expression . tDiv Expression

    tPlus   shift, and go to state 100
    tMinus  shift, and go to state 101
    tMul    shift, and go to state 102
    tDiv    shift, and go to state 103

    tVirg     reduce using rule 59 ($@13)
    $default  reduce using rule 58 (SuiteAffectations)

    $@13  go to state 141


State 141

   60 SuiteAffectations: tVirg tVariable tEqu Expression $@13 . SuiteAffectations

    tVirg  shift, and go to state 130

    SuiteAffectations  go to state 142


State 142

   60 SuiteAffectations: tVirg tVariable tEqu Expression $@13 SuiteAffectations .

    $default  reduce using rule 60 (SuiteAffectations)
